\BOOKMARK [1][-]{section.1}{\376\377\006\105\006\065\006\047\006\055\006\050\006\107\000\040\006\110\000\040\006\054\006\105\006\071\040\014\006\042\006\110\006\061\006\314\000\040\006\106\006\070\006\061\006\047\006\052\000\040\006\057\006\061\000\040\006\047\006\061\006\052\006\050\006\047\006\067\000\040\006\050\006\047\000\040\006\105\006\057\006\104\000\040\006\047\006\110\006\104\006\314\006\107}{}% 1
\BOOKMARK [2][-]{subsection.1.1}{\376\377\006\063\006\110\006\047\006\104\006\047\006\052}{section.1}% 2
\BOOKMARK [2][-]{subsection.1.2}{\376\377\006\176\006\047\006\063\006\056\040\014\006\107\006\047\006\314\000\040\006\056\006\104\006\047\006\065\006\107\040\014\006\063\006\047\006\062\006\314\000\040\006\064\006\057\006\107\000\040\006\110\000\040\006\055\006\047\006\110\006\314\000\040\006\105\006\110\006\047\006\061\006\057\000\040\006\105\006\064\006\052\006\061\006\251}{section.1}% 3
\BOOKMARK [1][-]{section.2}{\376\377\006\050\006\061\006\061\006\063\006\314\000\040\006\110\000\040\006\054\006\105\006\071\000\040\006\050\006\106\006\057\006\314\000\040\006\047\006\061\006\062\006\314\006\047\006\050\006\314\006\107\006\047\006\014\000\040\006\106\006\102\006\057\006\107\006\047\000\040\006\110\000\040\006\176\006\314\006\064\006\106\006\107\006\047\006\057\006\047\006\052\000\040\006\057\006\047\006\106\006\064\006\054\006\110\006\314\006\047\006\106}{}% 4
\BOOKMARK [2][-]{subsection.2.1}{\376\377\006\106\006\102\006\047\006\067\000\040\006\102\006\110\006\052\000\040\006\105\006\057\006\104\000\040\006\251\006\063\006\050\000\040\006\110\000\040\006\251\006\047\006\061}{section.2}% 5
\BOOKMARK [2][-]{subsection.2.2}{\376\377\006\106\006\102\006\047\006\067\000\040\006\066\006\071\006\101\000\040\006\105\006\057\006\104\000\040\006\251\006\063\006\050\000\040\006\110\000\040\006\251\006\047\006\061}{section.2}% 6
\BOOKMARK [2][-]{subsection.2.3}{\376\377\006\105\006\314\006\047\006\106\006\257\006\314\006\106\000\040\006\106\006\105\006\061\006\047\006\052\000\040\006\110\000\040\006\047\006\105\006\052\006\314\006\047\006\062\006\047\006\052\000\040\006\071\006\057\006\057\006\314}{section.2}% 7
\BOOKMARK [1][-]{section.3}{\376\377\006\050\006\061\006\061\006\063\006\314\000\040\006\110\000\040\006\052\006\055\006\104\006\314\006\104\000\040\006\071\006\105\006\314\006\102\000\040\006\061\006\102\006\050\006\047}{}% 8
\BOOKMARK [2][-]{subsection.3.1}{\376\377\006\101\006\061\006\107\006\106\006\257\006\063\006\061\006\047\006\314\000\040\006\047\006\105\006\314\006\057}{section.3}% 9
\BOOKMARK [3][-]{subsubsection.3.1.1}{\376\377\006\061\006\047\006\107\040\014\006\055\006\104\040\014\006\107\006\047}{subsection.3.1}% 10
\BOOKMARK [3][-]{subsubsection.3.1.2}{\376\377\006\052\006\110\006\066\006\314\006\055\006\047\006\052\000\040\006\052\006\251\006\105\006\314\006\104\006\314}{subsection.3.1}% 11
\BOOKMARK [2][-]{subsection.3.2}{\376\377\006\251\006\105\006\176\000\040\006\052\006\061\006\251\000\040\006\047\006\071\006\052\006\314\006\047\006\057\000\040\006\101\006\061\006\105\006\047\006\106\006\314\006\107}{section.3}% 12
\BOOKMARK [3][-]{subsubsection.3.2.1}{\376\377\006\061\006\047\006\107\040\014\006\055\006\104\040\014\006\107\006\047}{subsection.3.2}% 13
\BOOKMARK [3][-]{subsubsection.3.2.2}{\376\377\006\052\006\110\006\066\006\314\006\055\006\047\006\052\000\040\006\052\006\251\006\105\006\314\006\104\006\314}{subsection.3.2}% 14
\BOOKMARK [2][-]{subsection.3.3}{\376\377\000S\000o\000b\000e\000r\000\040\000G\000r\000i\000d}{section.3}% 15
\BOOKMARK [3][-]{subsubsection.3.3.1}{\376\377\006\061\006\047\006\107\040\014\006\055\006\104\040\014\006\107\006\047}{subsection.3.3}% 16
\BOOKMARK [3][-]{subsubsection.3.3.2}{\376\377\006\052\006\110\006\066\006\314\006\055\006\047\006\052\000\040\006\052\006\251\006\105\006\314\006\104\006\314}{subsection.3.3}% 17
\BOOKMARK [2][-]{subsection.3.4}{\376\377\000Q\000u\000i\000t\000\040\000G\000e\000n\000i\000u\000s}{section.3}% 18
\BOOKMARK [3][-]{subsubsection.3.4.1}{\376\377\006\061\006\047\006\107\040\014\006\055\006\104\040\014\006\107\006\047}{subsection.3.4}% 19
\BOOKMARK [3][-]{subsubsection.3.4.2}{\376\377\006\052\006\110\006\066\006\314\006\055\006\047\006\052\000\040\006\052\006\251\006\105\006\314\006\104\006\314}{subsection.3.4}% 20
\BOOKMARK [1][-]{section.4}{\376\377\006\050\006\110\006\105\000\040\006\251\006\063\006\050\000\040\006\110\000\040\006\251\006\047\006\061}{}% 21
\BOOKMARK [2][-]{subsection.4.1}{\376\377\006\052\006\110\006\066\006\314\006\055\006\047\006\052}{section.4}% 22
\BOOKMARK [1][-]{section.5}{\376\377\006\050\006\110\006\105\000\040\006\047\006\061\006\062\006\064\000\040\006\176\006\314\006\064\006\106\006\107\006\047\006\057\006\314}{}% 23
\BOOKMARK [1][-]{section.6}{\376\377\000M\000V\000P}{}% 24
